<?xml version="1.0" encoding="UTF-8"?>
<!-- Generated by org.testng.reporters.JUnitReportReporter -->
<testsuite skipped="0" hostname="xubuntu-pc" name="project1.artifact1.AppTest" tests="1" failures="0" timestamp="15 Aug 2017 20:42:54 GMT" time="0.008" errors="0">
  <testcase name="my_test1" time="0.008" classname="project1.artifact1.AppTest"/>
</testsuite> <!-- project1.artifact1.AppTest -->
