<?xml version="1.0" encoding="UTF-8"?>
<!-- Generated by org.testng.reporters.JUnitReportReporter -->
<testsuite skipped="0" hostname="xubuntu-VirtualBox" name="project1.artifact1.AppTest" tests="2" failures="0" timestamp="16 Aug 2017 16:26:48 GMT" time="0.004" errors="0">
  <testcase name="test_20" time="0.000" classname="project1.artifact1.AppTest"/>
  <testcase name="my_test1" time="0.004" classname="project1.artifact1.AppTest"/>
</testsuite> <!-- project1.artifact1.AppTest -->
