<?xml version="1.0" encoding="UTF-8"?>
<!-- Generated by org.testng.reporters.JUnitReportReporter -->
<testsuite skipped="0" hostname="xubuntu-VirtualBox" name="project1.artifact1.AppTest" tests="1" failures="0" timestamp="16 Aug 2017 11:41:59 GMT" time="0.009" errors="0">
  <testcase name="my_test1" time="0.009" classname="project1.artifact1.AppTest"/>
</testsuite> <!-- project1.artifact1.AppTest -->
